<?xml version="1.0" encoding="UTF-8"?>
<testsuite xmlns:xsi="http://www.w3.org/2001/XMLSchema-instance" xsi:noNamespaceSchemaLocation="https://maven.apache.org/surefire/maven-surefire-plugin/xsd/surefire-test-report-3.0.xsd" version="3.0" name="kalkulator.CalculatorTest" time="0.055" tests="16" errors="0" skipped="0" failures="0">
  <properties>
    <property name="java.specification.version" value="23"/>
    <property name="sun.cpu.isalist" value="amd64"/>
    <property name="sun.jnu.encoding" value="Cp1250"/>
    <property name="java.class.path" value="C:\Users\kamil\OneDrive\Pulpit\Java_Calculator\target\test-classes;C:\Users\kamil\OneDrive\Pulpit\Java_Calculator\target\classes;C:\Users\kamil\.m2\repository\junit\junit\4.13\junit-4.13.jar;C:\Users\kamil\.m2\repository\org\hamcrest\hamcrest-core\1.3\hamcrest-core-1.3.jar;"/>
    <property name="java.vm.vendor" value="Oracle Corporation"/>
    <property name="sun.arch.data.model" value="64"/>
    <property name="user.variant" value=""/>
    <property name="java.vendor.url" value="https://java.oracle.com/"/>
    <property name="user.timezone" value="Europe/Warsaw"/>
    <property name="os.name" value="Windows 11"/>
    <property name="java.vm.specification.version" value="23"/>
    <property name="user.country" value="PL"/>
    <property name="sun.java.launcher" value="SUN_STANDARD"/>
    <property name="sun.boot.library.path" value="C:\Program Files\Java\jdk-23\bin"/>
    <property name="sun.java.command" value="C:\Users\kamil\AppData\Local\Temp\surefire11049613106029983423\surefirebooter-20241022135701495_3.jar C:\Users\kamil\AppData\Local\Temp\surefire11049613106029983423 2024-10-22T13-57-01_373-jvmRun1 surefire-20241022135701495_1tmp surefire_0-20241022135701495_2tmp"/>
    <property name="jdk.debug" value="release"/>
    <property name="test" value="kalkulator.CalculatorTest"/>
    <property name="surefire.test.class.path" value="C:\Users\kamil\OneDrive\Pulpit\Java_Calculator\target\test-classes;C:\Users\kamil\OneDrive\Pulpit\Java_Calculator\target\classes;C:\Users\kamil\.m2\repository\junit\junit\4.13\junit-4.13.jar;C:\Users\kamil\.m2\repository\org\hamcrest\hamcrest-core\1.3\hamcrest-core-1.3.jar;"/>
    <property name="sun.cpu.endian" value="little"/>
    <property name="user.home" value="C:\Users\kamil"/>
    <property name="user.language" value="pl"/>
    <property name="java.specification.vendor" value="Oracle Corporation"/>
    <property name="java.version.date" value="2024-09-17"/>
    <property name="java.home" value="C:\Program Files\Java\jdk-23"/>
    <property name="file.separator" value="\"/>
    <property name="basedir" value="C:\Users\kamil\OneDrive\Pulpit\Java_Calculator"/>
    <property name="java.vm.compressedOopsMode" value="Zero based"/>
    <property name="line.separator" value="&#10;"/>
    <property name="java.vm.specification.vendor" value="Oracle Corporation"/>
    <property name="java.specification.name" value="Java Platform API Specification"/>
    <property name="surefire.real.class.path" value="C:\Users\kamil\AppData\Local\Temp\surefire11049613106029983423\surefirebooter-20241022135701495_3.jar"/>
    <property name="user.script" value=""/>
    <property name="sun.management.compiler" value="HotSpot 64-Bit Tiered Compilers"/>
    <property name="java.runtime.version" value="23+37-2369"/>
    <property name="user.name" value="kamil"/>
    <property name="stdout.encoding" value="Cp1250"/>
    <property name="path.separator" value=";"/>
    <property name="os.version" value="10.0"/>
    <property name="java.runtime.name" value="Java(TM) SE Runtime Environment"/>
    <property name="file.encoding" value="UTF-8"/>
    <property name="java.vm.name" value="Java HotSpot(TM) 64-Bit Server VM"/>
    <property name="maven.ext.class.path" value="C:\Users\kamil\.vscode\extensions\oracle.oracle-java-23.0.0\nbcode\java\maven-nblib\netbeans-eventspy.jar"/>
    <property name="localRepository" value="C:\Users\kamil\.m2\repository"/>
    <property name="java.vendor.url.bug" value="https://bugreport.java.com/bugreport/"/>
    <property name="java.io.tmpdir" value="C:\Users\kamil\AppData\Local\Temp\"/>
    <property name="java.version" value="23"/>
    <property name="user.dir" value="C:\Users\kamil\OneDrive\Pulpit\Java_Calculator"/>
    <property name="os.arch" value="amd64"/>
    <property name="java.vm.specification.name" value="Java Virtual Machine Specification"/>
    <property name="sun.os.patch.level" value=""/>
    <property name="native.encoding" value="Cp1250"/>
    <property name="java.library.path" value="C:\Program Files\Java\jdk-23\bin;C:\WINDOWS\Sun\Java\bin;C:\WINDOWS\system32;C:\WINDOWS;C:\Program Files\Common Files\Oracle\Java\javapath;C:\Windows\system32;C:\Windows;C:\Windows\System32\Wbem;C:\Windows\System32\WindowsPowerShell\v1.0\;C:\Windows\System32\OpenSSH\;C:\Program Files (x86)\NVIDIA Corporation\PhysX\Common;C:\MinGW\bin;C:\WINDOWS\system32;C:\WINDOWS;C:\WINDOWS\System32\Wbem;C:\WINDOWS\System32\WindowsPowerShell\v1.0\;C:\WINDOWS\System32\OpenSSH\;C:\Program Files\Git\cmd;C:\Program Files\PuTTY\;C:\Users\kamil\AppData\Local\Programs\Python\Launcher\;C:\Users\kamil\AppData\Local\Microsoft\WindowsApps;;C:\Users\kamil\AppData\Local\Programs\Microsoft VS Code\bin;."/>
    <property name="java.vm.info" value="mixed mode, sharing"/>
    <property name="stderr.encoding" value="Cp1250"/>
    <property name="java.vendor" value="Oracle Corporation"/>
    <property name="java.vm.version" value="23+37-2369"/>
    <property name="sun.io.unicode.encoding" value="UnicodeLittle"/>
    <property name="java.class.version" value="67.0"/>
  </properties>
  <testcase name="testSubtractionWithNegativeResult" classname="kalkulator.CalculatorTest" time="0.004"/>
  <testcase name="testMultByNegativeNumber" classname="kalkulator.CalculatorTest" time="0.0"/>
  <testcase name="testStoreAndRecallMemory" classname="kalkulator.CalculatorTest" time="0.0"/>
  <testcase name="testAddZero" classname="kalkulator.CalculatorTest" time="0.0"/>
  <testcase name="testAddOverflow" classname="kalkulator.CalculatorTest" time="0.0"/>
  <testcase name="testMultByZero" classname="kalkulator.CalculatorTest" time="0.0"/>
  <testcase name="testMultMemory" classname="kalkulator.CalculatorTest" time="0.0"/>
  <testcase name="testMultOverflow" classname="kalkulator.CalculatorTest" time="0.0"/>
  <testcase name="testAddMemory" classname="kalkulator.CalculatorTest" time="0.0"/>
  <testcase name="testDivisionByZero" classname="kalkulator.CalculatorTest" time="0.0"/>
  <testcase name="testDivision" classname="kalkulator.CalculatorTest" time="0.0"/>
  <testcase name="testAddOne" classname="kalkulator.CalculatorTest" time="0.0"/>
  <testcase name="testMultOneByTwo" classname="kalkulator.CalculatorTest" time="0.0"/>
  <testcase name="testSubtraction" classname="kalkulator.CalculatorTest" time="0.0"/>
  <testcase name="testClearMemory" classname="kalkulator.CalculatorTest" time="0.0"/>
  <testcase name="testAddNegativeNumber" classname="kalkulator.CalculatorTest" time="0.0"/>
</testsuite>